This is pdfTeX, Version 3.14159265-2.6-1.40.15 (MiKTeX 2.9 64-bit) (preloaded format=pdflatex 2015.6.17)  12 APR 2016 13:57
entering extended mode
**"C:/Users/bocoum/Dropbox/theses/manuscrit de thèse/chapitre4/chap4.tex"
("C:/Users/bocoum/Dropbox/theses/manuscrit de thèse/chapitre4/chap4.tex"
LaTeX2e <2015/01/01>
Babel <3.9l> and hyphenation patterns for 69 languages loaded.
! Undefined control sequence.
l.1 \chapter
            {Harmonic and electron from plasma mirrors}
? 
! Emergency stop.
l.1 \chapter
            {Harmonic and electron from plasma mirrors}
End of file on the terminal!

 
Here is how much of TeX's memory you used:
 7 strings out of 493671
 262 string characters out of 3143859
 52429 words of memory out of 3000000
 3453 multiletter control sequences out of 15000+200000
 3640 words of font info for 14 fonts, out of 3000000 for 9000
 1025 hyphenation exceptions out of 8191
 5i,0n,1p,127b,8s stack positions out of 5000i,500n,10000p,200000b,50000s
!  ==> Fatal error occurred, no output PDF file produced!
